<?xml version="1.0" encoding="UTF-8"?>
<!-- Generated by org.testng.reporters.JUnitReportReporter -->
<testsuite skipped="0" hostname="Admin" name="onlinerBy.api.RentParamsTest" tests="4" failures="0" timestamp="20 Aug 2021 12:53:01 GMT" time="0.001" errors="0">
  <testcase name="bothLinesOfMetroTest" time="0.001" classname="onlinerBy.api.RentParamsTest"/>
  <testcase name="onlyOwnerTest" time="0.000" classname="onlinerBy.api.RentParamsTest"/>
  <testcase name="redLineOfMetroTest" time="0.000" classname="onlinerBy.api.RentParamsTest"/>
  <testcase name="blueLineOfMetroTest" time="0.000" classname="onlinerBy.api.RentParamsTest"/>
</testsuite> <!-- onlinerBy.api.RentParamsTest -->
