<?xml version="1.0" encoding="UTF-8"?>
<!-- Generated by org.testng.reporters.JUnitReportReporter -->
<testsuite skipped="0" hostname="Admin" name="onlinerBy.api.SellParamsTest" tests="9" failures="0" timestamp="20 Aug 2021 12:53:01 GMT" time="0.003" errors="0">
  <testcase name="panelWallTest" time="0.000" classname="onlinerBy.api.SellParamsTest"/>
  <testcase name="blockWallTest" time="0.000" classname="onlinerBy.api.SellParamsTest"/>
  <testcase name="brickBlockWallTest" time="0.000" classname="onlinerBy.api.SellParamsTest"/>
  <testcase name="resaleTest" time="0.000" classname="onlinerBy.api.SellParamsTest"/>
  <testcase name="brickWallTest" time="0.000" classname="onlinerBy.api.SellParamsTest"/>
  <testcase name="outermostFloorTest" time="0.001" classname="onlinerBy.api.SellParamsTest"/>
  <testcase name="monolithWallTest" time="0.000" classname="onlinerBy.api.SellParamsTest"/>
  <testcase name="panelMonolithWallTest" time="0.000" classname="onlinerBy.api.SellParamsTest"/>
  <testcase name="newFlatTest" time="0.002" classname="onlinerBy.api.SellParamsTest"/>
</testsuite> <!-- onlinerBy.api.SellParamsTest -->
