<?xml version="1.0" encoding="UTF-8"?>
<!-- Generated by org.testng.reporters.JUnitReportReporter -->
<testsuite skipped="0" hostname="Admin" name="onlinerBy.api.RentlBusinessCasesTest" tests="2" failures="0" timestamp="20 Aug 2021 12:53:01 GMT" time="0.001" errors="0">
  <testcase name="businessCase2Test" time="0.000" classname="onlinerBy.api.RentlBusinessCasesTest"/>
  <testcase name="businessCase1Test" time="0.001" classname="onlinerBy.api.RentlBusinessCasesTest"/>
</testsuite> <!-- onlinerBy.api.RentlBusinessCasesTest -->
