<?xml version="1.0" encoding="UTF-8"?>
<!-- Generated by org.testng.reporters.JUnitReportReporter -->
<testsuite skipped="0" hostname="Admin" name="onlinerBy.api.SellRoomButtonsTest" tests="6" failures="0" timestamp="20 Aug 2021 12:53:01 GMT" time="0.001" errors="0">
  <testcase name="oneThreeRoomsFlatsTest" time="0.000" classname="onlinerBy.api.SellRoomButtonsTest"/>
  <testcase name="fourPlusRoomsFlatTest" time="0.000" classname="onlinerBy.api.SellRoomButtonsTest"/>
  <testcase name="twoFourPlusRoomsFlatsTest" time="0.000" classname="onlinerBy.api.SellRoomButtonsTest"/>
  <testcase name="threeRoomsFlatTest" time="0.000" classname="onlinerBy.api.SellRoomButtonsTest"/>
  <testcase name="twoRoomsFlatTest" time="0.001" classname="onlinerBy.api.SellRoomButtonsTest"/>
  <testcase name="oneRoomFlatTest" time="0.000" classname="onlinerBy.api.SellRoomButtonsTest"/>
</testsuite> <!-- onlinerBy.api.SellRoomButtonsTest -->
