<?xml version="1.0" encoding="UTF-8"?>
<!-- Generated by org.testng.reporters.JUnitReportReporter -->
<testsuite skipped="0" hostname="Admin" name="onlinerBy.api.SellInputFieldsTest" tests="9" failures="0" timestamp="20 Aug 2021 12:53:01 GMT" time="0.001" errors="0">
  <testcase name="minPriceTest" time="0.000" classname="onlinerBy.api.SellInputFieldsTest"/>
  <testcase name="minAreaTest" time="0.001" classname="onlinerBy.api.SellInputFieldsTest"/>
  <testcase name="maxAreaTest" time="0.000" classname="onlinerBy.api.SellInputFieldsTest"/>
  <testcase name="minMaxBuildingTest" time="0.000" classname="onlinerBy.api.SellInputFieldsTest"/>
  <testcase name="minMaxAreaTest" time="0.000" classname="onlinerBy.api.SellInputFieldsTest"/>
  <testcase name="minBuildingTest" time="0.000" classname="onlinerBy.api.SellInputFieldsTest"/>
  <testcase name="minMaxPriceTest" time="0.000" classname="onlinerBy.api.SellInputFieldsTest"/>
  <testcase name="maxBuildingTest" time="0.000" classname="onlinerBy.api.SellInputFieldsTest"/>
  <testcase name="maxPriceTest" time="0.000" classname="onlinerBy.api.SellInputFieldsTest"/>
</testsuite> <!-- onlinerBy.api.SellInputFieldsTest -->
