<?xml version="1.0" encoding="UTF-8"?>
<!-- Generated by org.testng.reporters.JUnitReportReporter -->
<testsuite skipped="0" hostname="Admin" name="onlinerBy.api.RentInputFieldsTest" tests="3" failures="0" timestamp="20 Aug 2021 12:53:01 GMT" time="0.031" errors="0">
  <testcase name="minMaxPriceTest" time="0.000" classname="onlinerBy.api.RentInputFieldsTest"/>
  <testcase name="minPriceTest" time="0.001" classname="onlinerBy.api.RentInputFieldsTest"/>
  <testcase name="maxPriceTest" time="0.030" classname="onlinerBy.api.RentInputFieldsTest"/>
</testsuite> <!-- onlinerBy.api.RentInputFieldsTest -->
